<?xml version="1.0" encoding="UTF-8"?>
<!-- Generated by org.testng.reporters.JUnitReportReporter -->
<testsuite hostname="DESKTOP-61QF0TL" failures="0" tests="2" name="a1_class.NewTest2" time="0.177" errors="0" timestamp="2024-08-07T07:43:01 IST" skipped="0">
  <testcase classname="a1_class.NewTest2" name="method" time="0.086"/>
  <system-out/>
  <testcase classname="a1_class.NewTest2" name="disp" time="0.091"/>
  <system-out/>
</testsuite> <!-- a1_class.NewTest2 -->
