<?xml version="1.0" encoding="UTF-8"?>
<!-- Generated by org.testng.reporters.JUnitReportReporter -->
<testsuite hostname="DESKTOP-61QF0TL" failures="0" tests="2" name="a3_testscript.Prg34_InputTestNg" time="7.712" errors="0" timestamp="2024-08-13T06:43:06 IST" skipped="0">
  <testcase classname="a3_testscript.Prg34_InputTestNg" name="enter2ValuesSum" time="4.554"/>
  <system-out/>
  <testcase classname="a3_testscript.Prg34_InputTestNg" name="f" time="3.158"/>
  <system-out/>
</testsuite> <!-- a3_testscript.Prg34_InputTestNg -->
