<?xml version="1.0" encoding="UTF-8"?>
<!-- Generated by org.testng.reporters.JUnitReportReporter -->
<testsuite hostname="DESKTOP-61QF0TL" failures="0" tests="1" name="a1_class.ObInput" time="15.035" errors="0" timestamp="2024-08-08T07:26:54 IST" skipped="0">
  <testcase classname="a1_class.ObInput" name="input" time="15.035"/>
  <system-out/>
</testsuite> <!-- a1_class.ObInput -->
