<?xml version="1.0" encoding="UTF-8"?>
<!-- Generated by org.testng.reporters.JUnitReportReporter -->
<testsuite hostname="DESKTOP-61QF0TL" failures="0" tests="1" name="a1_browser.Prg33_JavaScriptExecuter" time="5.170" errors="0" timestamp="2024-08-12T23:19:41 IST" skipped="0">
  <testcase classname="a1_browser.Prg33_JavaScriptExecuter" name="f" time="5.170"/>
  <system-out/>
</testsuite> <!-- a1_browser.Prg33_JavaScriptExecuter -->
