<?xml version="1.0" encoding="UTF-8"?>
<!-- Generated by org.testng.reporters.JUnitReportReporter -->
<testsuite hostname="DESKTOP-61QF0TL" failures="0" tests="1" name="a1_browser.Prg29_Input" time="4.663" errors="0" timestamp="2024-08-12T21:42:19 IST" skipped="0">
  <testcase classname="a1_browser.Prg29_Input" name="f" time="4.663"/>
  <system-out/>
</testsuite> <!-- a1_browser.Prg29_Input -->
