<?xml version="1.0" encoding="UTF-8"?>
<!-- Generated by org.testng.reporters.JUnitReportReporter -->
<testsuite hostname="DESKTOP-61QF0TL" failures="0" tests="3" name="a1_class.NewTest6" time="0.078" errors="0" timestamp="2024-08-08T07:09:50 IST" skipped="0">
  <testcase classname="a1_class.NewTest6" name="disp3" time="0.053"/>
  <system-out/>
  <testcase classname="a1_class.NewTest6" name="disp2" time="0.009"/>
  <system-out/>
  <testcase classname="a1_class.NewTest6" name="disp1" time="0.016"/>
  <system-out/>
</testsuite> <!-- a1_class.NewTest6 -->
