<?xml version="1.0" encoding="UTF-8"?>
<!-- Generated by org.testng.reporters.JUnitReportReporter -->
<testsuite hostname="DESKTOP-61QF0TL" failures="0" tests="2" name="a1_browser.Prg24" time="0.026" errors="0" timestamp="2024-08-08T06:41:53 IST" skipped="0">
  <testcase classname="a1_browser.Prg24" name="f" time="0.015"/>
  <system-out/>
  <testcase classname="a1_browser.Prg24" name="a" time="0.011"/>
  <system-out/>
</testsuite> <!-- a1_browser.Prg24 -->
