<?xml version="1.0" encoding="UTF-8"?>
<!-- Generated by org.testng.reporters.JUnitReportReporter -->
<testsuite hostname="DESKTOP-61QF0TL" failures="0" tests="2" name="a1_browser.Prg22" time="0.018" errors="0" timestamp="2024-08-08T06:41:23 IST" skipped="0">
  <testcase classname="a1_browser.Prg22" name="f" time="0.003"/>
  <system-out/>
  <testcase classname="a1_browser.Prg22" name="a" time="0.015"/>
  <system-out/>
</testsuite> <!-- a1_browser.Prg22 -->
