<?xml version="1.0" encoding="UTF-8"?>
<!-- Generated by org.testng.reporters.JUnitReportReporter -->
<testsuite hostname="DESKTOP-61QF0TL" failures="0" tests="1" name="a1_class.NewTest" time="0.061" errors="0" timestamp="2024-08-07T07:35:23 IST" skipped="0">
  <testcase classname="a1_class.NewTest" name="sampleDisplay2" time="0.061"/>
  <system-out/>
</testsuite> <!-- a1_class.NewTest -->
