<?xml version="1.0" encoding="UTF-8"?>
<!-- Generated by org.testng.reporters.JUnitReportReporter -->
<testsuite hostname="DESKTOP-61QF0TL" failures="0" tests="3" name="a1_class.NewTest5" time="0.121" errors="0" timestamp="2024-08-08T07:26:14 IST" skipped="0">
  <testcase classname="a1_class.NewTest5" name="disp3" time="0.051"/>
  <system-out/>
  <testcase classname="a1_class.NewTest5" name="disp2" time="0.052"/>
  <system-out/>
  <testcase classname="a1_class.NewTest5" name="disp1" time="0.018"/>
  <system-out/>
</testsuite> <!-- a1_class.NewTest5 -->
