<?xml version="1.0" encoding="UTF-8"?>
<!-- Generated by org.testng.reporters.JUnitReportReporter -->
<testsuite hostname="DESKTOP-61QF0TL" failures="0" tests="1" name="a1_browser.Prg23" time="0.020" errors="0" timestamp="2024-08-08T06:38:51 IST" skipped="0">
  <testcase classname="a1_browser.Prg23" name="f" time="0.020"/>
  <system-out/>
</testsuite> <!-- a1_browser.Prg23 -->
