<?xml version="1.0" encoding="UTF-8"?>
<!-- Generated by org.testng.reporters.JUnitReportReporter -->
<testsuite hostname="DESKTOP-61QF0TL" failures="0" tests="2" name="a1_browser.Prg27" time="0.025" errors="0" timestamp="2024-08-12T21:12:45 IST" skipped="0">
  <testcase classname="a1_browser.Prg27" name="f" time="0.021"/>
  <system-out/>
  <testcase classname="a1_browser.Prg27" name="disp" time="0.004"/>
  <system-out/>
</testsuite> <!-- a1_browser.Prg27 -->
