<?xml version="1.0" encoding="UTF-8"?>
<!-- Generated by org.testng.reporters.JUnitReportReporter -->
<testsuite hostname="DESKTOP-61QF0TL" failures="0" tests="1" name="a1_browser.Prg28_Base" time="5.007" errors="0" timestamp="2024-08-12T21:28:53 IST" skipped="0">
  <testcase classname="a1_browser.Prg28_Base" name="f" time="5.007"/>
  <system-out/>
</testsuite> <!-- a1_browser.Prg28_Base -->
